# JRE version: OpenJDK Runtime Environment (8.0_152-b01) (build 1.8.0_152-release-1248-b01)
# Java VM: OpenJDK 64-Bit Server VM (25.152-b01 mixed mode linux-amd64 compressed oops)
Heap:
 PSYoungGen      total 396800K, used 0K [0x00000000e0000000, 0x0000000100000000, 0x0000000100000000)
  eden space 369664K, 0% used [0x00000000e0000000,0x00000000e0000000,0x00000000f6900000)
  from space 27136K, 0% used [0x00000000fe580000,0x00000000fe580000,0x0000000100000000)
  to   space 77312K, 0% used [0x00000000f6900000,0x00000000f6900000,0x00000000fb480000)
 ParOldGen       total 352256K, used 290054K [0x00000000a0000000, 0x00000000b5800000, 0x00000000e0000000)
  object space 352256K, 82% used [0x00000000a0000000,0x00000000b1b41b60,0x00000000b5800000)
 Metaspace       used 168148K, capacity 177668K, committed 179968K, reserved 1206272K
  class space    used 20269K, capacity 22085K, committed 22528K, reserved 1048576K
GC Heap History (10 events):
Event: 7122.106 GC heap after
Heap after GC invocations=167 (full 7):
 PSYoungGen      total 496128K, used 16707K [0x00000000e0000000, 0x0000000100000000, 0x0000000100000000)
  eden space 472064K, 0% used [0x00000000e0000000,0x00000000e0000000,0x00000000fcd00000)
  from space 24064K, 69% used [0x00000000fe880000,0x00000000ff8d0d58,0x0000000100000000)
  to   space 26112K, 0% used [0x00000000fcd00000,0x00000000fcd00000,0x00000000fe680000)
 ParOldGen       total 352256K, used 223656K [0x00000000a0000000, 0x00000000b5800000, 0x00000000e0000000)
  object space 352256K, 63% used [0x00000000a0000000,0x00000000ada6a2d0,0x00000000b5800000)
 Metaspace       used 168559K, capacity 178382K, committed 179968K, reserved 1206272K
  class space    used 20322K, capacity 22214K, committed 22528K, reserved 1048576K
}
Event: 7124.656 GC heap before
{Heap before GC invocations=168 (full 7):
 PSYoungGen      total 496128K, used 488771K [0x00000000e0000000, 0x0000000100000000, 0x0000000100000000)
  eden space 472064K, 100% used [0x00000000e0000000,0x00000000fcd00000,0x00000000fcd00000)
  from space 24064K, 69% used [0x00000000fe880000,0x00000000ff8d0d58,0x0000000100000000)
  to   space 26112K, 0% used [0x00000000fcd00000,0x00000000fcd00000,0x00000000fe680000)
 ParOldGen       total 352256K, used 223656K [0x00000000a0000000, 0x00000000b5800000, 0x00000000e0000000)
  object space 352256K, 63% used [0x00000000a0000000,0x00000000ada6a2d0,0x00000000b5800000)
 Metaspace       used 168565K, capacity 178382K, committed 179968K, reserved 1206272K
  class space    used 20324K, capacity 22214K, committed 22528K, reserved 1048576K
Event: 7124.666 GC heap after
Heap after GC invocations=168 (full 7):
 PSYoungGen      total 498176K, used 7497K [0x00000000e0000000, 0x00000000fff00000, 0x0000000100000000)
  eden space 472064K, 0% used [0x00000000e0000000,0x00000000e0000000,0x00000000fcd00000)
  from space 26112K, 28% used [0x00000000fcd00000,0x00000000fd4524b8,0x00000000fe680000)
  to   space 24576K, 0% used [0x00000000fe700000,0x00000000fe700000,0x00000000fff00000)
 ParOldGen       total 352256K, used 223656K [0x00000000a0000000, 0x00000000b5800000, 0x00000000e0000000)
  object space 352256K, 63% used [0x00000000a0000000,0x00000000ada6a2d0,0x00000000b5800000)
 Metaspace       used 168565K, capacity 178382K, committed 179968K, reserved 1206272K
  class space    used 20324K, capacity 22214K, committed 22528K, reserved 1048576K
}
Event: 7127.136 GC heap before
{Heap before GC invocations=169 (full 7):
 PSYoungGen      total 498176K, used 479561K [0x00000000e0000000, 0x00000000fff00000, 0x0000000100000000)
  eden space 472064K, 100% used [0x00000000e0000000,0x00000000fcd00000,0x00000000fcd00000)
  from space 26112K, 28% used [0x00000000fcd00000,0x00000000fd4524b8,0x00000000fe680000)
  to   space 24576K, 0% used [0x00000000fe700000,0x00000000fe700000,0x00000000fff00000)
 ParOldGen       total 352256K, used 223656K [0x00000000a0000000, 0x00000000b5800000, 0x00000000e0000000)
  object space 352256K, 63% used [0x00000000a0000000,0x00000000ada6a2d0,0x00000000b5800000)
 Metaspace       used 168565K, capacity 178382K, committed 179968K, reserved 1206272K
  class space    used 20324K, capacity 22214K, committed 22528K, reserved 1048576K
Event: 7127.157 GC heap after
Heap after GC invocations=169 (full 7):
 PSYoungGen      total 497664K, used 12821K [0x00000000e0000000, 0x00000000ffe80000, 0x0000000100000000)
  eden space 473600K, 0% used [0x00000000e0000000,0x00000000e0000000,0x00000000fce80000)
  from space 24064K, 53% used [0x00000000fe700000,0x00000000ff385720,0x00000000ffe80000)
  to   space 24576K, 0% used [0x00000000fce80000,0x00000000fce80000,0x00000000fe680000)
 ParOldGen       total 352256K, used 223656K [0x00000000a0000000, 0x00000000b5800000, 0x00000000e0000000)
  object space 352256K, 63% used [0x00000000a0000000,0x00000000ada6a2d0,0x00000000b5800000)
 Metaspace       used 168565K, capacity 178382K, committed 179968K, reserved 1206272K
  class space    used 20324K, capacity 22214K, committed 22528K, reserved 1048576K
}
Event: 7160.639 GC heap before
{Heap before GC invocations=170 (full 7):
 PSYoungGen      total 497664K, used 486421K [0x00000000e0000000, 0x00000000ffe80000, 0x0000000100000000)
  eden space 473600K, 100% used [0x00000000e0000000,0x00000000fce80000,0x00000000fce80000)
  from space 24064K, 53% used [0x00000000fe700000,0x00000000ff385720,0x00000000ffe80000)
  to   space 24576K, 0% used [0x00000000fce80000,0x00000000fce80000,0x00000000fe680000)
 ParOldGen       total 352256K, used 223656K [0x00000000a0000000, 0x00000000b5800000, 0x00000000e0000000)
  object space 352256K, 63% used [0x00000000a0000000,0x00000000ada6a2d0,0x00000000b5800000)
 Metaspace       used 168589K, capacity 178386K, committed 179968K, reserved 1206272K
  class space    used 20325K, capacity 22214K, committed 22528K, reserved 1048576K
Event: 7160.656 GC heap after
Heap after GC invocations=170 (full 7):
 PSYoungGen      total 494080K, used 20217K [0x00000000e0000000, 0x0000000100000000, 0x0000000100000000)
  eden space 473600K, 0% used [0x00000000e0000000,0x00000000e0000000,0x00000000fce80000)
  from space 20480K, 98% used [0x00000000fce80000,0x00000000fe23e480,0x00000000fe280000)
  to   space 27136K, 0% used [0x00000000fe580000,0x00000000fe580000,0x0000000100000000)
 ParOldGen       total 352256K, used 223664K [0x00000000a0000000, 0x00000000b5800000, 0x00000000e0000000)
  object space 352256K, 63% used [0x00000000a0000000,0x00000000ada6c2d0,0x00000000b5800000)
 Metaspace       used 168589K, capacity 178386K, committed 179968K, reserved 1206272K
  class space    used 20325K, capacity 22214K, committed 22528K, reserved 1048576K
}
Event: 7162.796 GC heap before
{Heap before GC invocations=171 (full 7):
 PSYoungGen      total 494080K, used 493817K [0x00000000e0000000, 0x0000000100000000, 0x0000000100000000)
  eden space 473600K, 100% used [0x00000000e0000000,0x00000000fce80000,0x00000000fce80000)
  from space 20480K, 98% used [0x00000000fce80000,0x00000000fe23e480,0x00000000fe280000)
  to   space 27136K, 0% used [0x00000000fe580000,0x00000000fe580000,0x0000000100000000)
 ParOldGen       total 352256K, used 223664K [0x00000000a0000000, 0x00000000b5800000, 0x00000000e0000000)
  object space 352256K, 63% used [0x00000000a0000000,0x00000000ada6c2d0,0x00000000b5800000)
 Metaspace       used 168591K, capacity 178386K, committed 179968K, reserved 1206272K
  class space    used 20325K, capacity 22214K, committed 22528K, reserved 1048576K
Event: 7162.919 GC heap after
Heap after GC invocations=171 (full 7):
 PSYoungGen      total 396800K, used 27123K [0x00000000e0000000, 0x0000000100000000, 0x0000000100000000)
  eden space 369664K, 0% used [0x00000000e0000000,0x00000000e0000000,0x00000000f6900000)
  from space 27136K, 99% used [0x00000000fe580000,0x00000000ffffccb0,0x0000000100000000)
  to   space 77312K, 0% used [0x00000000f6900000,0x00000000f6900000,0x00000000fb480000)
 ParOldGen       total 352256K, used 345588K [0x00000000a0000000, 0x00000000b5800000, 0x00000000e0000000)
  object space 352256K, 98% used [0x00000000a0000000,0x00000000b517d118,0x00000000b5800000)
 Metaspace       used 168591K, capacity 178386K, committed 179968K, reserved 1206272K
  class space    used 20325K, capacity 22214K, committed 22528K, reserved 1048576K
}
Event: 7162.919 GC heap before
{Heap before GC invocations=172 (full 8):
 PSYoungGen      total 396800K, used 27123K [0x00000000e0000000, 0x0000000100000000, 0x0000000100000000)
  eden space 369664K, 0% used [0x00000000e0000000,0x00000000e0000000,0x00000000f6900000)
  from space 27136K, 99% used [0x00000000fe580000,0x00000000ffffccb0,0x0000000100000000)
  to   space 77312K, 0% used [0x00000000f6900000,0x00000000f6900000,0x00000000fb480000)
 ParOldGen       total 352256K, used 345588K [0x00000000a0000000, 0x00000000b5800000, 0x00000000e0000000)
  object space 352256K, 98% used [0x00000000a0000000,0x00000000b517d118,0x00000000b5800000)
 Metaspace       used 168591K, capacity 178386K, committed 179968K, reserved 1206272K
  class space    used 20325K, capacity 22214K, committed 22528K, reserved 1048576K

